{
  "0 debug pnpm:scope": {
    "selected": 1,
    "total": 4,
    "workspacePrefix": "/Users/sduball/LocalStorage/websites/spencerduball.com"
  },
  "1 info pnpm": {
    "err": {
      "name": "Error",
      "message": "web@ start:dev: `pnpm -r --parallel --stream run dev`\nExit status 1",
      "code": "ELIFECYCLE",
      "stack": "Error: web@ start:dev: `pnpm -r --parallel --stream run dev`\nExit status 1\n    at EventEmitter.<anonymous> (/Users/sduball/.node/corepack/pnpm/7.5.0/dist/pnpm.cjs:108610:20)\n    at EventEmitter.emit (node:events:513:28)\n    at ChildProcess.<anonymous> (/Users/sduball/.node/corepack/pnpm/7.5.0/dist/pnpm.cjs:95176:18)\n    at ChildProcess.emit (node:events:513:28)\n    at maybeClose (node:internal/child_process:1091:16)\n    at ChildProcess._handle.onexit (node:internal/child_process:302:5)"
    }
  },
  "2 error pnpm": {
    "errno": 1,
    "code": "ERR_PNPM_RECURSIVE_RUN_FIRST_FAIL",
    "pkgid": "web@",
    "stage": "start:dev",
    "script": "pnpm -r --parallel --stream run dev",
    "pkgname": "web",
    "prefix": "/Users/sduball/LocalStorage/websites/spencerduball.com/web",
    "err": {
      "name": "pnpm",
      "message": "web@ start:dev: `pnpm -r --parallel --stream run dev`\nExit status 1",
      "code": "ERR_PNPM_RECURSIVE_RUN_FIRST_FAIL",
      "stack": "Error: web@ start:dev: `pnpm -r --parallel --stream run dev`\nExit status 1\n    at EventEmitter.<anonymous> (/Users/sduball/.node/corepack/pnpm/7.5.0/dist/pnpm.cjs:108610:20)\n    at EventEmitter.emit (node:events:513:28)\n    at ChildProcess.<anonymous> (/Users/sduball/.node/corepack/pnpm/7.5.0/dist/pnpm.cjs:95176:18)\n    at ChildProcess.emit (node:events:513:28)\n    at maybeClose (node:internal/child_process:1091:16)\n    at ChildProcess._handle.onexit (node:internal/child_process:302:5)"
    }
  },
  "3 warn pnpm:global": " Local package.json exists, but node_modules missing, did you mean to install?"
}